<?xml version="1.0" encoding="UTF-8"?>
<!-- Generated by org.testng.reporters.JUnitReportReporter -->
<testsuite hostname="DESKTOP-F5ANUFB" failures="0" tests="1" name="testbase.Sample3" time="0.002" errors="0" timestamp="2023-09-23T13:00:53 IST" skipped="0">
  <testcase classname="testbase.Sample3" name="print" time="0.002"/>
  <system-out/>
</testsuite> <!-- testbase.Sample3 -->
