<?xml version="1.0" encoding="UTF-8"?>
<!-- Generated by org.testng.reporters.JUnitReportReporter -->
<testsuite hostname="DESKTOP-F5ANUFB" failures="0" tests="2" name="testbase.SampleDemo2" time="0.006" errors="0" timestamp="2023-09-23T12:53:40 IST" skipped="0">
  <testcase classname="testbase.SampleDemo2" name="chat" time="0.005"/>
  <system-out/>
  <testcase classname="testbase.SampleDemo2" name="changePassword" time="0.001"/>
  <system-out/>
</testsuite> <!-- testbase.SampleDemo2 -->
