<?xml version="1.0" encoding="UTF-8"?>
<!-- Generated by org.testng.reporters.JUnitReportReporter -->
<testsuite hostname="DESKTOP-F5ANUFB" failures="0" tests="12" name="testbase.Testing" time="0.023" errors="0" timestamp="2023-09-23T13:13:33 IST" skipped="0">
  <testcase classname="testbase.Testing" name="login" time="0.009"/>
  <system-out/>
  <testcase classname="testbase.Testing" name="sendmail" time="0.001"/>
  <system-out/>
  <testcase classname="testbase.Testing" name="sendmail" time="0.001"/>
  <system-out/>
  <testcase classname="testbase.Testing" name="sendmail" time="0.002"/>
  <system-out/>
  <testcase classname="testbase.Testing" name="sendmail" time="0.001"/>
  <system-out/>
  <testcase classname="testbase.Testing" name="sendmail" time="0.001"/>
  <system-out/>
  <testcase classname="testbase.Testing" name="sendmail" time="0.001"/>
  <system-out/>
  <testcase classname="testbase.Testing" name="sendmail" time="0.001"/>
  <system-out/>
  <testcase classname="testbase.Testing" name="sendmail" time="0.002"/>
  <system-out/>
  <testcase classname="testbase.Testing" name="sendmail" time="0.001"/>
  <system-out/>
  <testcase classname="testbase.Testing" name="sendmail" time="0.001"/>
  <system-out/>
  <testcase classname="testbase.Testing" name="logout" time="0.002"/>
  <system-out/>
</testsuite> <!-- testbase.Testing -->
