<?xml version="1.0" encoding="UTF-8"?>
<!-- Generated by org.testng.reporters.JUnitReportReporter -->
<testsuite hostname="DESKTOP-F5ANUFB" failures="0" tests="3" name="testbase.SampleDemoTestNG" time="0.007" errors="0" timestamp="2023-09-23T13:00:53 IST" skipped="2">
  <testcase classname="testbase.SampleDemoTestNG" name="sendmail" time="0.007"/>
  <system-out/>
  <testcase classname="testbase.SampleDemoTestNG" name="changeTheme">
    <skipped/>
  </testcase> <!-- changeTheme -->
  <system-out/>
  <testcase classname="testbase.SampleDemoTestNG" name="archivemail">
    <skipped/>
  </testcase> <!-- archivemail -->
  <system-out/>
</testsuite> <!-- testbase.SampleDemoTestNG -->
